[INFO][2016-08-05 17:51:55,024][org.springframework.beans.factory.xml.XmlBeanDefinitionReader]Loading XML bean definitions from class path resource [spring.xml]
[ERROR][2016-08-05 17:51:55,027][org.springframework.test.context.TestContextManager]Caught exception while allowing TestExecutionListener [org.springframework.test.context.support.DependencyInjectionTestExecutionListener@f7a2eab] to prepare test instance [TestMybatis@1e8de47d]
java.lang.IllegalStateException: Failed to load ApplicationContext
	at org.springframework.test.context.CacheAwareContextLoaderDelegate.loadContext(CacheAwareContextLoaderDelegate.java:99)
	at org.springframework.test.context.TestContext.getApplicationContext(TestContext.java:122)
	at org.springframework.test.context.support.DependencyInjectionTestExecutionListener.injectDependencies(DependencyInjectionTestExecutionListener.java:109)
	at org.springframework.test.context.support.DependencyInjectionTestExecutionListener.prepareTestInstance(DependencyInjectionTestExecutionListener.java:75)
	at org.springframework.test.context.TestContextManager.prepareTestInstance(TestContextManager.java:321)
	at org.springframework.test.context.junit4.SpringJUnit4ClassRunner.createTest(SpringJUnit4ClassRunner.java:211)
	at org.springframework.test.context.junit4.SpringJUnit4ClassRunner$1.runReflectiveCall(SpringJUnit4ClassRunner.java:288)
	at org.junit.internal.runners.model.ReflectiveCallable.run(ReflectiveCallable.java:12)
	at org.springframework.test.context.junit4.SpringJUnit4ClassRunner.methodBlock(SpringJUnit4ClassRunner.java:284)
	at org.springframework.test.context.junit4.SpringJUnit4ClassRunner.runChild(SpringJUnit4ClassRunner.java:231)
	at org.springframework.test.context.junit4.SpringJUnit4ClassRunner.runChild(SpringJUnit4ClassRunner.java:88)
	at org.junit.runners.ParentRunner$3.run(ParentRunner.java:238)
	at org.junit.runners.ParentRunner$1.schedule(ParentRunner.java:63)
	at org.junit.runners.ParentRunner.runChildren(ParentRunner.java:236)
	at org.junit.runners.ParentRunner.access$000(ParentRunner.java:53)
	at org.junit.runners.ParentRunner$2.evaluate(ParentRunner.java:229)
	at org.springframework.test.context.junit4.statements.RunBeforeTestClassCallbacks.evaluate(RunBeforeTestClassCallbacks.java:61)
	at org.springframework.test.context.junit4.statements.RunAfterTestClassCallbacks.evaluate(RunAfterTestClassCallbacks.java:71)
	at org.junit.runners.ParentRunner.run(ParentRunner.java:309)
	at org.springframework.test.context.junit4.SpringJUnit4ClassRunner.run(SpringJUnit4ClassRunner.java:174)
	at org.eclipse.jdt.internal.junit4.runner.JUnit4TestReference.run(JUnit4TestReference.java:50)
	at org.eclipse.jdt.internal.junit.runner.TestExecution.run(TestExecution.java:38)
	at org.eclipse.jdt.internal.junit.runner.RemoteTestRunner.runTests(RemoteTestRunner.java:459)
	at org.eclipse.jdt.internal.junit.runner.RemoteTestRunner.runTests(RemoteTestRunner.java:675)
	at org.eclipse.jdt.internal.junit.runner.RemoteTestRunner.run(RemoteTestRunner.java:382)
	at org.eclipse.jdt.internal.junit.runner.RemoteTestRunner.main(RemoteTestRunner.java:192)
Caused by: org.springframework.beans.factory.BeanDefinitionStoreException: IOException parsing XML document from class path resource [spring.xml]; nested exception is java.io.FileNotFoundException: class path resource [spring.xml] cannot be opened because it does not exist
	at org.springframework.beans.factory.xml.XmlBeanDefinitionReader.loadBeanDefinitions(XmlBeanDefinitionReader.java:341)
	at org.springframework.beans.factory.xml.XmlBeanDefinitionReader.loadBeanDefinitions(XmlBeanDefinitionReader.java:302)
	at org.springframework.beans.factory.support.AbstractBeanDefinitionReader.loadBeanDefinitions(AbstractBeanDefinitionReader.java:174)
	at org.springframework.beans.factory.support.AbstractBeanDefinitionReader.loadBeanDefinitions(AbstractBeanDefinitionReader.java:209)
	at org.springframework.beans.factory.support.AbstractBeanDefinitionReader.loadBeanDefinitions(AbstractBeanDefinitionReader.java:180)
	at org.springframework.beans.factory.support.AbstractBeanDefinitionReader.loadBeanDefinitions(AbstractBeanDefinitionReader.java:243)
	at org.springframework.test.context.support.AbstractGenericContextLoader.loadBeanDefinitions(AbstractGenericContextLoader.java:233)
	at org.springframework.test.context.support.AbstractGenericContextLoader.loadContext(AbstractGenericContextLoader.java:117)
	at org.springframework.test.context.support.AbstractGenericContextLoader.loadContext(AbstractGenericContextLoader.java:60)
	at org.springframework.test.context.support.AbstractDelegatingSmartContextLoader.delegateLoading(AbstractDelegatingSmartContextLoader.java:100)
	at org.springframework.test.context.support.AbstractDelegatingSmartContextLoader.loadContext(AbstractDelegatingSmartContextLoader.java:248)
	at org.springframework.test.context.CacheAwareContextLoaderDelegate.loadContextInternal(CacheAwareContextLoaderDelegate.java:64)
	at org.springframework.test.context.CacheAwareContextLoaderDelegate.loadContext(CacheAwareContextLoaderDelegate.java:91)
	... 25 more
Caused by: java.io.FileNotFoundException: class path resource [spring.xml] cannot be opened because it does not exist
	at org.springframework.core.io.ClassPathResource.getInputStream(ClassPathResource.java:171)
	at org.springframework.beans.factory.xml.XmlBeanDefinitionReader.loadBeanDefinitions(XmlBeanDefinitionReader.java:328)
	... 37 more
[INFO][2016-08-05 17:53:34,794][org.springframework.beans.factory.xml.XmlBeanDefinitionReader]Loading XML bean definitions from class path resource [spring-context.xml]
[INFO][2016-08-05 17:53:35,147][org.springframework.beans.factory.xml.XmlBeanDefinitionReader]Loading XML bean definitions from class path resource [spring-context-mybatis.xml]
[INFO][2016-08-05 17:53:35,302][org.springframework.context.support.GenericApplicationContext]Refreshing org.springframework.context.support.GenericApplicationContext@709652e2: startup date [Fri Aug 05 17:53:35 CST 2016]; root of context hierarchy
[INFO][2016-08-05 17:53:35,417][org.springframework.beans.factory.config.PropertyPlaceholderConfigurer]Loading properties file from class path resource [config.properties]
[INFO][2016-08-05 17:53:35,474][org.springframework.beans.factory.support.DefaultListableBeanFactory]Pre-instantiating singletons in org.springframework.beans.factory.support.DefaultListableBeanFactory@320bbe6b: defining beans [org.springframework.beans.factory.config.PropertyPlaceholderConfigurer#0,muserService,org.springframework.context.annotation.internalConfigurationAnnotationProcessor,org.springframework.context.annotation.internalAutowiredAnnotationProcessor,org.springframework.context.annotation.internalRequiredAnnotationProcessor,org.springframework.context.annotation.internalCommonAnnotationProcessor,dataSource,sqlSessionFactory,org.mybatis.spring.mapper.MapperScannerConfigurer#0,transactionManager,transactionAdvice,org.springframework.aop.config.internalAutoProxyCreator,transactionPointcut,org.springframework.aop.support.DefaultBeanFactoryPointcutAdvisor#0,org.springframework.context.annotation.ConfigurationClassPostProcessor.importAwareProcessor,actIdUserMapper,MUserMapper]; root of factory hierarchy
[INFO][2016-08-05 17:53:36,401][org.springframework.beans.factory.xml.XmlBeanDefinitionReader]Loading XML bean definitions from class path resource [org/springframework/jdbc/support/sql-error-codes.xml]
[INFO][2016-08-05 17:53:36,437][org.springframework.jdbc.support.SQLErrorCodesFactory]SQLErrorCodes loaded: [DB2, Derby, H2, HSQL, Informix, MS-SQL, MySQL, Oracle, PostgreSQL, Sybase]
[INFO][2016-08-05 17:53:36,452][org.springframework.context.support.GenericApplicationContext]Closing org.springframework.context.support.GenericApplicationContext@709652e2: startup date [Fri Aug 05 17:53:35 CST 2016]; root of context hierarchy
[INFO][2016-08-05 17:53:36,452][org.springframework.beans.factory.support.DefaultListableBeanFactory]Destroying singletons in org.springframework.beans.factory.support.DefaultListableBeanFactory@320bbe6b: defining beans [org.springframework.beans.factory.config.PropertyPlaceholderConfigurer#0,muserService,org.springframework.context.annotation.internalConfigurationAnnotationProcessor,org.springframework.context.annotation.internalAutowiredAnnotationProcessor,org.springframework.context.annotation.internalRequiredAnnotationProcessor,org.springframework.context.annotation.internalCommonAnnotationProcessor,dataSource,sqlSessionFactory,org.mybatis.spring.mapper.MapperScannerConfigurer#0,transactionManager,transactionAdvice,org.springframework.aop.config.internalAutoProxyCreator,transactionPointcut,org.springframework.aop.support.DefaultBeanFactoryPointcutAdvisor#0,org.springframework.context.annotation.ConfigurationClassPostProcessor.importAwareProcessor,actIdUserMapper,MUserMapper]; root of factory hierarchy
[INFO][2016-08-05 17:55:08,963][org.springframework.beans.factory.xml.XmlBeanDefinitionReader]Loading XML bean definitions from class path resource [spring-context.xml]
[INFO][2016-08-05 17:55:09,235][org.springframework.beans.factory.xml.XmlBeanDefinitionReader]Loading XML bean definitions from class path resource [spring-context-mybatis.xml]
[INFO][2016-08-05 17:55:09,340][org.springframework.context.support.GenericApplicationContext]Refreshing org.springframework.context.support.GenericApplicationContext@4067449: startup date [Fri Aug 05 17:55:09 CST 2016]; root of context hierarchy
[INFO][2016-08-05 17:55:09,455][org.springframework.beans.factory.config.PropertyPlaceholderConfigurer]Loading properties file from class path resource [config.properties]
[INFO][2016-08-05 17:55:09,491][org.springframework.beans.factory.support.DefaultListableBeanFactory]Pre-instantiating singletons in org.springframework.beans.factory.support.DefaultListableBeanFactory@1b96107b: defining beans [org.springframework.beans.factory.config.PropertyPlaceholderConfigurer#0,muserService,org.springframework.context.annotation.internalConfigurationAnnotationProcessor,org.springframework.context.annotation.internalAutowiredAnnotationProcessor,org.springframework.context.annotation.internalRequiredAnnotationProcessor,org.springframework.context.annotation.internalCommonAnnotationProcessor,dataSource,sqlSessionFactory,org.mybatis.spring.mapper.MapperScannerConfigurer#0,transactionManager,transactionAdvice,org.springframework.aop.config.internalAutoProxyCreator,transactionPointcut,org.springframework.aop.support.DefaultBeanFactoryPointcutAdvisor#0,org.springframework.context.annotation.ConfigurationClassPostProcessor.importAwareProcessor,actIdUserMapper,MUserMapper]; root of factory hierarchy
[INFO][2016-08-05 17:55:10,323][org.springframework.beans.factory.xml.XmlBeanDefinitionReader]Loading XML bean definitions from class path resource [org/springframework/jdbc/support/sql-error-codes.xml]
[INFO][2016-08-05 17:55:10,360][org.springframework.jdbc.support.SQLErrorCodesFactory]SQLErrorCodes loaded: [DB2, Derby, H2, HSQL, Informix, MS-SQL, MySQL, Oracle, PostgreSQL, Sybase]
[INFO][2016-08-05 17:55:10,370][org.springframework.context.support.GenericApplicationContext]Closing org.springframework.context.support.GenericApplicationContext@4067449: startup date [Fri Aug 05 17:55:09 CST 2016]; root of context hierarchy
[INFO][2016-08-05 17:55:10,371][org.springframework.beans.factory.support.DefaultListableBeanFactory]Destroying singletons in org.springframework.beans.factory.support.DefaultListableBeanFactory@1b96107b: defining beans [org.springframework.beans.factory.config.PropertyPlaceholderConfigurer#0,muserService,org.springframework.context.annotation.internalConfigurationAnnotationProcessor,org.springframework.context.annotation.internalAutowiredAnnotationProcessor,org.springframework.context.annotation.internalRequiredAnnotationProcessor,org.springframework.context.annotation.internalCommonAnnotationProcessor,dataSource,sqlSessionFactory,org.mybatis.spring.mapper.MapperScannerConfigurer#0,transactionManager,transactionAdvice,org.springframework.aop.config.internalAutoProxyCreator,transactionPointcut,org.springframework.aop.support.DefaultBeanFactoryPointcutAdvisor#0,org.springframework.context.annotation.ConfigurationClassPostProcessor.importAwareProcessor,actIdUserMapper,MUserMapper]; root of factory hierarchy
[INFO][2016-08-05 17:59:45,624][org.springframework.beans.factory.xml.XmlBeanDefinitionReader]Loading XML bean definitions from class path resource [spring-context.xml]
[INFO][2016-08-05 17:59:45,936][org.springframework.beans.factory.xml.XmlBeanDefinitionReader]Loading XML bean definitions from class path resource [spring-context-mybatis.xml]
[INFO][2016-08-05 17:59:46,045][org.springframework.context.support.GenericApplicationContext]Refreshing org.springframework.context.support.GenericApplicationContext@42d33bc1: startup date [Fri Aug 05 17:59:46 CST 2016]; root of context hierarchy
[INFO][2016-08-05 17:59:46,161][org.springframework.beans.factory.config.PropertyPlaceholderConfigurer]Loading properties file from class path resource [config.properties]
[INFO][2016-08-05 17:59:46,197][org.springframework.beans.factory.support.DefaultListableBeanFactory]Pre-instantiating singletons in org.springframework.beans.factory.support.DefaultListableBeanFactory@19140963: defining beans [org.springframework.beans.factory.config.PropertyPlaceholderConfigurer#0,muserService,org.springframework.context.annotation.internalConfigurationAnnotationProcessor,org.springframework.context.annotation.internalAutowiredAnnotationProcessor,org.springframework.context.annotation.internalRequiredAnnotationProcessor,org.springframework.context.annotation.internalCommonAnnotationProcessor,dataSource,sqlSessionFactory,org.mybatis.spring.mapper.MapperScannerConfigurer#0,transactionManager,transactionAdvice,org.springframework.aop.config.internalAutoProxyCreator,transactionPointcut,org.springframework.aop.support.DefaultBeanFactoryPointcutAdvisor#0,org.springframework.context.annotation.ConfigurationClassPostProcessor.importAwareProcessor,actIdUserMapper,MUserMapper]; root of factory hierarchy
[INFO][2016-08-05 17:59:46,936][TestMybatis]----------1--------
[INFO][2016-08-05 17:59:47,037][org.springframework.beans.factory.xml.XmlBeanDefinitionReader]Loading XML bean definitions from class path resource [org/springframework/jdbc/support/sql-error-codes.xml]
[INFO][2016-08-05 17:59:47,077][org.springframework.jdbc.support.SQLErrorCodesFactory]SQLErrorCodes loaded: [DB2, Derby, H2, HSQL, Informix, MS-SQL, MySQL, Oracle, PostgreSQL, Sybase]
[INFO][2016-08-05 17:59:47,088][org.springframework.context.support.GenericApplicationContext]Closing org.springframework.context.support.GenericApplicationContext@42d33bc1: startup date [Fri Aug 05 17:59:46 CST 2016]; root of context hierarchy
[INFO][2016-08-05 17:59:47,089][org.springframework.beans.factory.support.DefaultListableBeanFactory]Destroying singletons in org.springframework.beans.factory.support.DefaultListableBeanFactory@19140963: defining beans [org.springframework.beans.factory.config.PropertyPlaceholderConfigurer#0,muserService,org.springframework.context.annotation.internalConfigurationAnnotationProcessor,org.springframework.context.annotation.internalAutowiredAnnotationProcessor,org.springframework.context.annotation.internalRequiredAnnotationProcessor,org.springframework.context.annotation.internalCommonAnnotationProcessor,dataSource,sqlSessionFactory,org.mybatis.spring.mapper.MapperScannerConfigurer#0,transactionManager,transactionAdvice,org.springframework.aop.config.internalAutoProxyCreator,transactionPointcut,org.springframework.aop.support.DefaultBeanFactoryPointcutAdvisor#0,org.springframework.context.annotation.ConfigurationClassPostProcessor.importAwareProcessor,actIdUserMapper,MUserMapper]; root of factory hierarchy
[INFO][2016-08-05 18:03:09,457][org.springframework.beans.factory.xml.XmlBeanDefinitionReader]Loading XML bean definitions from class path resource [spring-context.xml]
[INFO][2016-08-05 18:03:09,746][org.springframework.beans.factory.xml.XmlBeanDefinitionReader]Loading XML bean definitions from class path resource [spring-context-mybatis.xml]
[INFO][2016-08-05 18:03:09,849][org.springframework.context.support.GenericApplicationContext]Refreshing org.springframework.context.support.GenericApplicationContext@5f98de7: startup date [Fri Aug 05 18:03:09 CST 2016]; root of context hierarchy
[INFO][2016-08-05 18:03:09,968][org.springframework.beans.factory.config.PropertyPlaceholderConfigurer]Loading properties file from class path resource [config.properties]
[INFO][2016-08-05 18:03:10,005][org.springframework.beans.factory.support.DefaultListableBeanFactory]Pre-instantiating singletons in org.springframework.beans.factory.support.DefaultListableBeanFactory@21027c78: defining beans [org.springframework.beans.factory.config.PropertyPlaceholderConfigurer#0,muserService,org.springframework.context.annotation.internalConfigurationAnnotationProcessor,org.springframework.context.annotation.internalAutowiredAnnotationProcessor,org.springframework.context.annotation.internalRequiredAnnotationProcessor,org.springframework.context.annotation.internalCommonAnnotationProcessor,dataSource,sqlSessionFactory,org.mybatis.spring.mapper.MapperScannerConfigurer#0,transactionManager,transactionAdvice,org.springframework.aop.config.internalAutoProxyCreator,transactionPointcut,org.springframework.aop.support.DefaultBeanFactoryPointcutAdvisor#0,org.springframework.context.annotation.ConfigurationClassPostProcessor.importAwareProcessor,actIdUserMapper,MUserMapper]; root of factory hierarchy
[INFO][2016-08-05 18:03:10,748][TestMybatis]----------1--------
[INFO][2016-08-05 18:03:10,844][TestMybatis]------------------1
[INFO][2016-08-05 18:03:10,846][org.springframework.context.support.GenericApplicationContext]Closing org.springframework.context.support.GenericApplicationContext@5f98de7: startup date [Fri Aug 05 18:03:09 CST 2016]; root of context hierarchy
[INFO][2016-08-05 18:03:10,847][org.springframework.beans.factory.support.DefaultListableBeanFactory]Destroying singletons in org.springframework.beans.factory.support.DefaultListableBeanFactory@21027c78: defining beans [org.springframework.beans.factory.config.PropertyPlaceholderConfigurer#0,muserService,org.springframework.context.annotation.internalConfigurationAnnotationProcessor,org.springframework.context.annotation.internalAutowiredAnnotationProcessor,org.springframework.context.annotation.internalRequiredAnnotationProcessor,org.springframework.context.annotation.internalCommonAnnotationProcessor,dataSource,sqlSessionFactory,org.mybatis.spring.mapper.MapperScannerConfigurer#0,transactionManager,transactionAdvice,org.springframework.aop.config.internalAutoProxyCreator,transactionPointcut,org.springframework.aop.support.DefaultBeanFactoryPointcutAdvisor#0,org.springframework.context.annotation.ConfigurationClassPostProcessor.importAwareProcessor,actIdUserMapper,MUserMapper]; root of factory hierarchy
[INFO][2016-08-05 18:10:01,243][org.springframework.beans.factory.xml.XmlBeanDefinitionReader]Loading XML bean definitions from class path resource [spring-context.xml]
[INFO][2016-08-05 18:10:01,520][org.springframework.beans.factory.xml.XmlBeanDefinitionReader]Loading XML bean definitions from class path resource [spring-context-mybatis.xml]
[INFO][2016-08-05 18:10:01,633][org.springframework.context.support.GenericApplicationContext]Refreshing org.springframework.context.support.GenericApplicationContext@39f81e2d: startup date [Fri Aug 05 18:10:01 CST 2016]; root of context hierarchy
[INFO][2016-08-05 18:10:01,763][org.springframework.beans.factory.config.PropertyPlaceholderConfigurer]Loading properties file from class path resource [config.properties]
[INFO][2016-08-05 18:10:01,809][org.springframework.beans.factory.support.DefaultListableBeanFactory]Pre-instantiating singletons in org.springframework.beans.factory.support.DefaultListableBeanFactory@4ecb2156: defining beans [org.springframework.beans.factory.config.PropertyPlaceholderConfigurer#0,muserService,org.springframework.context.annotation.internalConfigurationAnnotationProcessor,org.springframework.context.annotation.internalAutowiredAnnotationProcessor,org.springframework.context.annotation.internalRequiredAnnotationProcessor,org.springframework.context.annotation.internalCommonAnnotationProcessor,dataSource,sqlSessionFactory,org.mybatis.spring.mapper.MapperScannerConfigurer#0,transactionManager,transactionAdvice,org.springframework.aop.config.internalAutoProxyCreator,transactionPointcut,org.springframework.aop.support.DefaultBeanFactoryPointcutAdvisor#0,org.springframework.context.annotation.ConfigurationClassPostProcessor.importAwareProcessor,actIdUserMapper,MUserMapper]; root of factory hierarchy
[INFO][2016-08-05 18:10:02,545][org.springframework.beans.factory.support.DefaultListableBeanFactory]Destroying singletons in org.springframework.beans.factory.support.DefaultListableBeanFactory@4ecb2156: defining beans [org.springframework.beans.factory.config.PropertyPlaceholderConfigurer#0,muserService,org.springframework.context.annotation.internalConfigurationAnnotationProcessor,org.springframework.context.annotation.internalAutowiredAnnotationProcessor,org.springframework.context.annotation.internalRequiredAnnotationProcessor,org.springframework.context.annotation.internalCommonAnnotationProcessor,dataSource,sqlSessionFactory,org.mybatis.spring.mapper.MapperScannerConfigurer#0,transactionManager,transactionAdvice,org.springframework.aop.config.internalAutoProxyCreator,transactionPointcut,org.springframework.aop.support.DefaultBeanFactoryPointcutAdvisor#0,org.springframework.context.annotation.ConfigurationClassPostProcessor.importAwareProcessor,actIdUserMapper,MUserMapper]; root of factory hierarchy
[ERROR][2016-08-05 18:10:02,547][org.springframework.test.context.TestContextManager]Caught exception while allowing TestExecutionListener [org.springframework.test.context.support.DependencyInjectionTestExecutionListener@34b89ddd] to prepare test instance [TestMybatis@44843335]
java.lang.IllegalStateException: Failed to load ApplicationContext
	at org.springframework.test.context.CacheAwareContextLoaderDelegate.loadContext(CacheAwareContextLoaderDelegate.java:99)
	at org.springframework.test.context.TestContext.getApplicationContext(TestContext.java:122)
	at org.springframework.test.context.support.DependencyInjectionTestExecutionListener.injectDependencies(DependencyInjectionTestExecutionListener.java:109)
	at org.springframework.test.context.support.DependencyInjectionTestExecutionListener.prepareTestInstance(DependencyInjectionTestExecutionListener.java:75)
	at org.springframework.test.context.TestContextManager.prepareTestInstance(TestContextManager.java:321)
	at org.springframework.test.context.junit4.SpringJUnit4ClassRunner.createTest(SpringJUnit4ClassRunner.java:211)
	at org.springframework.test.context.junit4.SpringJUnit4ClassRunner$1.runReflectiveCall(SpringJUnit4ClassRunner.java:288)
	at org.junit.internal.runners.model.ReflectiveCallable.run(ReflectiveCallable.java:12)
	at org.springframework.test.context.junit4.SpringJUnit4ClassRunner.methodBlock(SpringJUnit4ClassRunner.java:284)
	at org.springframework.test.context.junit4.SpringJUnit4ClassRunner.runChild(SpringJUnit4ClassRunner.java:231)
	at org.springframework.test.context.junit4.SpringJUnit4ClassRunner.runChild(SpringJUnit4ClassRunner.java:88)
	at org.junit.runners.ParentRunner$3.run(ParentRunner.java:238)
	at org.junit.runners.ParentRunner$1.schedule(ParentRunner.java:63)
	at org.junit.runners.ParentRunner.runChildren(ParentRunner.java:236)
	at org.junit.runners.ParentRunner.access$000(ParentRunner.java:53)
	at org.junit.runners.ParentRunner$2.evaluate(ParentRunner.java:229)
	at org.springframework.test.context.junit4.statements.RunBeforeTestClassCallbacks.evaluate(RunBeforeTestClassCallbacks.java:61)
	at org.springframework.test.context.junit4.statements.RunAfterTestClassCallbacks.evaluate(RunAfterTestClassCallbacks.java:71)
	at org.junit.runners.ParentRunner.run(ParentRunner.java:309)
	at org.springframework.test.context.junit4.SpringJUnit4ClassRunner.run(SpringJUnit4ClassRunner.java:174)
	at org.eclipse.jdt.internal.junit4.runner.JUnit4TestReference.run(JUnit4TestReference.java:50)
	at org.eclipse.jdt.internal.junit.runner.TestExecution.run(TestExecution.java:38)
	at org.eclipse.jdt.internal.junit.runner.RemoteTestRunner.runTests(RemoteTestRunner.java:459)
	at org.eclipse.jdt.internal.junit.runner.RemoteTestRunner.runTests(RemoteTestRunner.java:675)
	at org.eclipse.jdt.internal.junit.runner.RemoteTestRunner.run(RemoteTestRunner.java:382)
	at org.eclipse.jdt.internal.junit.runner.RemoteTestRunner.main(RemoteTestRunner.java:192)
Caused by: org.springframework.beans.factory.BeanCreationException: Error creating bean with name 'muserService': Injection of autowired dependencies failed; nested exception is org.springframework.beans.factory.BeanCreationException: Could not autowire method: public void rml.service.MUserServiceImpl.setMuserMapper(rml.dao.MUserMapper); nested exception is org.springframework.beans.factory.NoSuchBeanDefinitionException: No qualifying bean of type [rml.dao.MUserMapper] found for dependency: expected at least 1 bean which qualifies as autowire candidate for this dependency. Dependency annotations: {}
Related cause: org.springframework.beans.factory.BeanCreationException: Error creating bean with name 'MUserMapper' defined in file [F:\object\git\ssmdemo\target\classes\rml\dao\MUserMapper.class]: Cannot resolve reference to bean 'sqlSessionFactory' while setting bean property 'sqlSessionFactory'; nested exception is org.springframework.beans.factory.BeanCreationException: Error creating bean with name 'sqlSessionFactory' defined in class path resource [spring-context-mybatis.xml]: Invocation of init method failed; nested exception is org.springframework.core.NestedIOException: Failed to parse mapping resource: 'file [F:\object\git\ssmdemo\target\classes\rml\mapping\MUserMapper.xml]'; nested exception is java.lang.RuntimeException: Error parsing Mapper XML. Cause: org.apache.ibatis.builder.BuilderException: Error resolving class . Cause: org.apache.ibatis.type.TypeException: Could not resolve type alias 'java.util.map'.  Cause: java.lang.ClassNotFoundException: Cannot find class: java.util.map
Related cause: org.springframework.beans.factory.BeanCreationException: Error creating bean with name 'actIdUserMapper' defined in file [F:\object\git\ssmdemo\target\classes\rml\dao\ActIdUserMapper.class]: Cannot resolve reference to bean 'sqlSessionFactory' while setting bean property 'sqlSessionFactory'; nested exception is org.springframework.beans.factory.BeanCreationException: Error creating bean with name 'sqlSessionFactory' defined in class path resource [spring-context-mybatis.xml]: Invocation of init method failed; nested exception is org.springframework.core.NestedIOException: Failed to parse mapping resource: 'file [F:\object\git\ssmdemo\target\classes\rml\mapping\MUserMapper.xml]'; nested exception is java.lang.RuntimeException: Error parsing Mapper XML. Cause: org.apache.ibatis.builder.BuilderException: Error resolving class . Cause: org.apache.ibatis.type.TypeException: Could not resolve type alias 'java.util.map'.  Cause: java.lang.ClassNotFoundException: Cannot find class: java.util.map
Related cause: org.springframework.beans.factory.BeanCreationException: Error creating bean with name 'MUserMapper' defined in file [F:\object\git\ssmdemo\target\classes\rml\dao\MUserMapper.class]: Cannot resolve reference to bean 'sqlSessionFactory' while setting bean property 'sqlSessionFactory'; nested exception is org.springframework.beans.factory.BeanCreationException: Error creating bean with name 'sqlSessionFactory' defined in class path resource [spring-context-mybatis.xml]: Invocation of init method failed; nested exception is org.springframework.core.NestedIOException: Failed to parse mapping resource: 'file [F:\object\git\ssmdemo\target\classes\rml\mapping\MUserMapper.xml]'; nested exception is java.lang.RuntimeException: Error parsing Mapper XML. Cause: org.apache.ibatis.builder.BuilderException: Error resolving class . Cause: org.apache.ibatis.type.TypeException: Could not resolve type alias 'java.util.map'.  Cause: java.lang.ClassNotFoundException: Cannot find class: java.util.map
	at org.springframework.beans.factory.annotation.AutowiredAnnotationBeanPostProcessor.postProcessPropertyValues(AutowiredAnnotationBeanPostProcessor.java:289)
	at org.springframework.beans.factory.support.AbstractAutowireCapableBeanFactory.populateBean(AbstractAutowireCapableBeanFactory.java:1146)
	at org.springframework.beans.factory.support.AbstractAutowireCapableBeanFactory.doCreateBean(AbstractAutowireCapableBeanFactory.java:519)
	at org.springframework.beans.factory.support.AbstractAutowireCapableBeanFactory.createBean(AbstractAutowireCapableBeanFactory.java:458)
	at org.springframework.beans.factory.support.AbstractBeanFactory$1.getObject(AbstractBeanFactory.java:296)
	at org.springframework.beans.factory.support.DefaultSingletonBeanRegistry.getSingleton(DefaultSingletonBeanRegistry.java:223)
	at org.springframework.beans.factory.support.AbstractBeanFactory.doGetBean(AbstractBeanFactory.java:293)
	at org.springframework.beans.factory.support.AbstractBeanFactory.getBean(AbstractBeanFactory.java:194)
	at org.springframework.beans.factory.support.DefaultListableBeanFactory.preInstantiateSingletons(DefaultListableBeanFactory.java:633)
	at org.springframework.context.support.AbstractApplicationContext.finishBeanFactoryInitialization(AbstractApplicationContext.java:932)
	at org.springframework.context.support.AbstractApplicationContext.refresh(AbstractApplicationContext.java:479)
	at org.springframework.test.context.support.AbstractGenericContextLoader.loadContext(AbstractGenericContextLoader.java:120)
	at org.springframework.test.context.support.AbstractGenericContextLoader.loadContext(AbstractGenericContextLoader.java:60)
	at org.springframework.test.context.support.AbstractDelegatingSmartContextLoader.delegateLoading(AbstractDelegatingSmartContextLoader.java:100)
	at org.springframework.test.context.support.AbstractDelegatingSmartContextLoader.loadContext(AbstractDelegatingSmartContextLoader.java:248)
	at org.springframework.test.context.CacheAwareContextLoaderDelegate.loadContextInternal(CacheAwareContextLoaderDelegate.java:64)
	at org.springframework.test.context.CacheAwareContextLoaderDelegate.loadContext(CacheAwareContextLoaderDelegate.java:91)
	... 25 more
Caused by: org.springframework.beans.factory.BeanCreationException: Could not autowire method: public void rml.service.MUserServiceImpl.setMuserMapper(rml.dao.MUserMapper); nested exception is org.springframework.beans.factory.NoSuchBeanDefinitionException: No qualifying bean of type [rml.dao.MUserMapper] found for dependency: expected at least 1 bean which qualifies as autowire candidate for this dependency. Dependency annotations: {}
	at org.springframework.beans.factory.annotation.AutowiredAnnotationBeanPostProcessor$AutowiredMethodElement.inject(AutowiredAnnotationBeanPostProcessor.java:604)
	at org.springframework.beans.factory.annotation.InjectionMetadata.inject(InjectionMetadata.java:87)
	at org.springframework.beans.factory.annotation.AutowiredAnnotationBeanPostProcessor.postProcessPropertyValues(AutowiredAnnotationBeanPostProcessor.java:286)
	... 41 more
Caused by: org.springframework.beans.factory.NoSuchBeanDefinitionException: No qualifying bean of type [rml.dao.MUserMapper] found for dependency: expected at least 1 bean which qualifies as autowire candidate for this dependency. Dependency annotations: {}
	at org.springframework.beans.factory.support.DefaultListableBeanFactory.raiseNoSuchBeanDefinitionException(DefaultListableBeanFactory.java:993)
	at org.springframework.beans.factory.support.DefaultListableBeanFactory.doResolveDependency(DefaultListableBeanFactory.java:863)
	at org.springframework.beans.factory.support.DefaultListableBeanFactory.resolveDependency(DefaultListableBeanFactory.java:775)
	at org.springframework.beans.factory.annotation.AutowiredAnnotationBeanPostProcessor$AutowiredMethodElement.inject(AutowiredAnnotationBeanPostProcessor.java:561)
	... 43 more
[INFO][2016-08-05 18:12:15,599][org.springframework.beans.factory.xml.XmlBeanDefinitionReader]Loading XML bean definitions from class path resource [spring-context.xml]
[INFO][2016-08-05 18:12:15,879][org.springframework.beans.factory.xml.XmlBeanDefinitionReader]Loading XML bean definitions from class path resource [spring-context-mybatis.xml]
[INFO][2016-08-05 18:12:15,985][org.springframework.context.support.GenericApplicationContext]Refreshing org.springframework.context.support.GenericApplicationContext@50853a16: startup date [Fri Aug 05 18:12:15 CST 2016]; root of context hierarchy
[INFO][2016-08-05 18:12:16,099][org.springframework.beans.factory.config.PropertyPlaceholderConfigurer]Loading properties file from class path resource [config.properties]
[INFO][2016-08-05 18:12:16,134][org.springframework.beans.factory.support.DefaultListableBeanFactory]Pre-instantiating singletons in org.springframework.beans.factory.support.DefaultListableBeanFactory@2a39bb36: defining beans [org.springframework.beans.factory.config.PropertyPlaceholderConfigurer#0,muserService,org.springframework.context.annotation.internalConfigurationAnnotationProcessor,org.springframework.context.annotation.internalAutowiredAnnotationProcessor,org.springframework.context.annotation.internalRequiredAnnotationProcessor,org.springframework.context.annotation.internalCommonAnnotationProcessor,dataSource,sqlSessionFactory,org.mybatis.spring.mapper.MapperScannerConfigurer#0,transactionManager,transactionAdvice,org.springframework.aop.config.internalAutoProxyCreator,transactionPointcut,org.springframework.aop.support.DefaultBeanFactoryPointcutAdvisor#0,org.springframework.context.annotation.ConfigurationClassPostProcessor.importAwareProcessor,actIdUserMapper,MUserMapper]; root of factory hierarchy
[INFO][2016-08-05 18:12:16,975][TestMybatis]--------users----------1
[INFO][2016-08-05 18:12:16,978][TestMybatis]---------users2---------1
[INFO][2016-08-05 18:12:16,981][org.springframework.context.support.GenericApplicationContext]Closing org.springframework.context.support.GenericApplicationContext@50853a16: startup date [Fri Aug 05 18:12:15 CST 2016]; root of context hierarchy
[INFO][2016-08-05 18:12:16,982][org.springframework.beans.factory.support.DefaultListableBeanFactory]Destroying singletons in org.springframework.beans.factory.support.DefaultListableBeanFactory@2a39bb36: defining beans [org.springframework.beans.factory.config.PropertyPlaceholderConfigurer#0,muserService,org.springframework.context.annotation.internalConfigurationAnnotationProcessor,org.springframework.context.annotation.internalAutowiredAnnotationProcessor,org.springframework.context.annotation.internalRequiredAnnotationProcessor,org.springframework.context.annotation.internalCommonAnnotationProcessor,dataSource,sqlSessionFactory,org.mybatis.spring.mapper.MapperScannerConfigurer#0,transactionManager,transactionAdvice,org.springframework.aop.config.internalAutoProxyCreator,transactionPointcut,org.springframework.aop.support.DefaultBeanFactoryPointcutAdvisor#0,org.springframework.context.annotation.ConfigurationClassPostProcessor.importAwareProcessor,actIdUserMapper,MUserMapper]; root of factory hierarchy
[INFO][2016-08-08 09:48:11,622][org.springframework.beans.factory.xml.XmlBeanDefinitionReader]Loading XML bean definitions from class path resource [spring-context.xml]
[INFO][2016-08-08 09:48:12,215][org.springframework.beans.factory.xml.XmlBeanDefinitionReader]Loading XML bean definitions from class path resource [spring-context-mybatis.xml]
[INFO][2016-08-08 09:48:12,318][org.springframework.context.support.GenericApplicationContext]Refreshing org.springframework.context.support.GenericApplicationContext@39f81e2d: startup date [Mon Aug 08 09:48:12 CST 2016]; root of context hierarchy
[INFO][2016-08-08 09:48:12,437][org.springframework.beans.factory.config.PropertyPlaceholderConfigurer]Loading properties file from class path resource [config.properties]
[INFO][2016-08-08 09:48:12,480][org.springframework.beans.factory.support.DefaultListableBeanFactory]Pre-instantiating singletons in org.springframework.beans.factory.support.DefaultListableBeanFactory@1b6bec1b: defining beans [org.springframework.beans.factory.config.PropertyPlaceholderConfigurer#0,muserService,org.springframework.context.annotation.internalConfigurationAnnotationProcessor,org.springframework.context.annotation.internalAutowiredAnnotationProcessor,org.springframework.context.annotation.internalRequiredAnnotationProcessor,org.springframework.context.annotation.internalCommonAnnotationProcessor,dataSource,sqlSessionFactory,org.mybatis.spring.mapper.MapperScannerConfigurer#0,transactionManager,transactionAdvice,org.springframework.aop.config.internalAutoProxyCreator,transactionPointcut,org.springframework.aop.support.DefaultBeanFactoryPointcutAdvisor#0,org.springframework.context.annotation.ConfigurationClassPostProcessor.importAwareProcessor,actIdUserMapper,MUserMapper]; root of factory hierarchy
[INFO][2016-08-08 09:48:17,490][org.springframework.context.support.GenericApplicationContext]Closing org.springframework.context.support.GenericApplicationContext@39f81e2d: startup date [Mon Aug 08 09:48:12 CST 2016]; root of context hierarchy
[INFO][2016-08-08 09:48:17,491][org.springframework.beans.factory.support.DefaultListableBeanFactory]Destroying singletons in org.springframework.beans.factory.support.DefaultListableBeanFactory@1b6bec1b: defining beans [org.springframework.beans.factory.config.PropertyPlaceholderConfigurer#0,muserService,org.springframework.context.annotation.internalConfigurationAnnotationProcessor,org.springframework.context.annotation.internalAutowiredAnnotationProcessor,org.springframework.context.annotation.internalRequiredAnnotationProcessor,org.springframework.context.annotation.internalCommonAnnotationProcessor,dataSource,sqlSessionFactory,org.mybatis.spring.mapper.MapperScannerConfigurer#0,transactionManager,transactionAdvice,org.springframework.aop.config.internalAutoProxyCreator,transactionPointcut,org.springframework.aop.support.DefaultBeanFactoryPointcutAdvisor#0,org.springframework.context.annotation.ConfigurationClassPostProcessor.importAwareProcessor,actIdUserMapper,MUserMapper]; root of factory hierarchy
[INFO][2016-08-08 09:49:02,507][org.springframework.beans.factory.xml.XmlBeanDefinitionReader]Loading XML bean definitions from class path resource [spring-context.xml]
[INFO][2016-08-08 09:49:02,790][org.springframework.beans.factory.xml.XmlBeanDefinitionReader]Loading XML bean definitions from class path resource [spring-context-mybatis.xml]
[INFO][2016-08-08 09:49:02,886][org.springframework.context.support.GenericApplicationContext]Refreshing org.springframework.context.support.GenericApplicationContext@39f81e2d: startup date [Mon Aug 08 09:49:02 CST 2016]; root of context hierarchy
[INFO][2016-08-08 09:49:02,999][org.springframework.beans.factory.config.PropertyPlaceholderConfigurer]Loading properties file from class path resource [config.properties]
[INFO][2016-08-08 09:49:03,042][org.springframework.beans.factory.support.DefaultListableBeanFactory]Pre-instantiating singletons in org.springframework.beans.factory.support.DefaultListableBeanFactory@72744f71: defining beans [org.springframework.beans.factory.config.PropertyPlaceholderConfigurer#0,muserService,org.springframework.context.annotation.internalConfigurationAnnotationProcessor,org.springframework.context.annotation.internalAutowiredAnnotationProcessor,org.springframework.context.annotation.internalRequiredAnnotationProcessor,org.springframework.context.annotation.internalCommonAnnotationProcessor,dataSource,sqlSessionFactory,org.mybatis.spring.mapper.MapperScannerConfigurer#0,transactionManager,transactionAdvice,org.springframework.aop.config.internalAutoProxyCreator,transactionPointcut,org.springframework.aop.support.DefaultBeanFactoryPointcutAdvisor#0,org.springframework.context.annotation.ConfigurationClassPostProcessor.importAwareProcessor,actIdUserMapper,MUserMapper]; root of factory hierarchy
[INFO][2016-08-08 09:49:03,881][TestMybatis]--------users----------1
[INFO][2016-08-08 09:49:03,883][TestMybatis]---------users2---------1
[INFO][2016-08-08 09:49:03,885][org.springframework.context.support.GenericApplicationContext]Closing org.springframework.context.support.GenericApplicationContext@39f81e2d: startup date [Mon Aug 08 09:49:02 CST 2016]; root of context hierarchy
[INFO][2016-08-08 09:49:03,887][org.springframework.beans.factory.support.DefaultListableBeanFactory]Destroying singletons in org.springframework.beans.factory.support.DefaultListableBeanFactory@72744f71: defining beans [org.springframework.beans.factory.config.PropertyPlaceholderConfigurer#0,muserService,org.springframework.context.annotation.internalConfigurationAnnotationProcessor,org.springframework.context.annotation.internalAutowiredAnnotationProcessor,org.springframework.context.annotation.internalRequiredAnnotationProcessor,org.springframework.context.annotation.internalCommonAnnotationProcessor,dataSource,sqlSessionFactory,org.mybatis.spring.mapper.MapperScannerConfigurer#0,transactionManager,transactionAdvice,org.springframework.aop.config.internalAutoProxyCreator,transactionPointcut,org.springframework.aop.support.DefaultBeanFactoryPointcutAdvisor#0,org.springframework.context.annotation.ConfigurationClassPostProcessor.importAwareProcessor,actIdUserMapper,MUserMapper]; root of factory hierarchy
[INFO][2016-08-08 16:23:42,133][org.springframework.beans.factory.xml.XmlBeanDefinitionReader]Loading XML bean definitions from class path resource [spring-context.xml]
[INFO][2016-08-08 16:23:42,449][org.springframework.beans.factory.xml.XmlBeanDefinitionReader]Loading XML bean definitions from class path resource [spring-context-mybatis.xml]
[INFO][2016-08-08 16:23:42,559][org.springframework.context.support.GenericApplicationContext]Refreshing org.springframework.context.support.GenericApplicationContext@190af581: startup date [Mon Aug 08 16:23:42 CST 2016]; root of context hierarchy
[INFO][2016-08-08 16:23:42,686][org.springframework.beans.factory.config.PropertyPlaceholderConfigurer]Loading properties file from class path resource [config.properties]
[INFO][2016-08-08 16:23:42,726][org.springframework.beans.factory.support.DefaultListableBeanFactory]Pre-instantiating singletons in org.springframework.beans.factory.support.DefaultListableBeanFactory@5b7feb0b: defining beans [org.springframework.beans.factory.config.PropertyPlaceholderConfigurer#0,muserService,sysUserService,org.springframework.context.annotation.internalConfigurationAnnotationProcessor,org.springframework.context.annotation.internalAutowiredAnnotationProcessor,org.springframework.context.annotation.internalRequiredAnnotationProcessor,org.springframework.context.annotation.internalCommonAnnotationProcessor,dataSource,sqlSessionFactory,org.mybatis.spring.mapper.MapperScannerConfigurer#0,transactionManager,transactionAdvice,org.springframework.aop.config.internalAutoProxyCreator,transactionPointcut,org.springframework.aop.support.DefaultBeanFactoryPointcutAdvisor#0,org.springframework.context.annotation.ConfigurationClassPostProcessor.importAwareProcessor,actIdUserMapper,MUserMapper,sysPermissionMapper,sysRoleMapper,sysRolePermissionMapper,sysUserMapper,sysUserRoleMapper]; root of factory hierarchy
[INFO][2016-08-08 16:23:43,612][org.springframework.context.support.GenericApplicationContext]Closing org.springframework.context.support.GenericApplicationContext@190af581: startup date [Mon Aug 08 16:23:42 CST 2016]; root of context hierarchy
[INFO][2016-08-08 16:23:43,614][org.springframework.beans.factory.support.DefaultListableBeanFactory]Destroying singletons in org.springframework.beans.factory.support.DefaultListableBeanFactory@5b7feb0b: defining beans [org.springframework.beans.factory.config.PropertyPlaceholderConfigurer#0,muserService,sysUserService,org.springframework.context.annotation.internalConfigurationAnnotationProcessor,org.springframework.context.annotation.internalAutowiredAnnotationProcessor,org.springframework.context.annotation.internalRequiredAnnotationProcessor,org.springframework.context.annotation.internalCommonAnnotationProcessor,dataSource,sqlSessionFactory,org.mybatis.spring.mapper.MapperScannerConfigurer#0,transactionManager,transactionAdvice,org.springframework.aop.config.internalAutoProxyCreator,transactionPointcut,org.springframework.aop.support.DefaultBeanFactoryPointcutAdvisor#0,org.springframework.context.annotation.ConfigurationClassPostProcessor.importAwareProcessor,actIdUserMapper,MUserMapper,sysPermissionMapper,sysRoleMapper,sysRolePermissionMapper,sysUserMapper,sysUserRoleMapper]; root of factory hierarchy
[INFO][2016-08-08 16:24:44,842][org.springframework.beans.factory.xml.XmlBeanDefinitionReader]Loading XML bean definitions from class path resource [spring-context.xml]
[INFO][2016-08-08 16:24:45,163][org.springframework.beans.factory.xml.XmlBeanDefinitionReader]Loading XML bean definitions from class path resource [spring-context-mybatis.xml]
[INFO][2016-08-08 16:24:45,270][org.springframework.context.support.GenericApplicationContext]Refreshing org.springframework.context.support.GenericApplicationContext@95fedf6: startup date [Mon Aug 08 16:24:45 CST 2016]; root of context hierarchy
[INFO][2016-08-08 16:24:45,397][org.springframework.beans.factory.config.PropertyPlaceholderConfigurer]Loading properties file from class path resource [config.properties]
[INFO][2016-08-08 16:24:45,445][org.springframework.beans.factory.support.DefaultListableBeanFactory]Pre-instantiating singletons in org.springframework.beans.factory.support.DefaultListableBeanFactory@6b59dd0c: defining beans [org.springframework.beans.factory.config.PropertyPlaceholderConfigurer#0,muserService,sysUserService,org.springframework.context.annotation.internalConfigurationAnnotationProcessor,org.springframework.context.annotation.internalAutowiredAnnotationProcessor,org.springframework.context.annotation.internalRequiredAnnotationProcessor,org.springframework.context.annotation.internalCommonAnnotationProcessor,dataSource,sqlSessionFactory,org.mybatis.spring.mapper.MapperScannerConfigurer#0,transactionManager,transactionAdvice,org.springframework.aop.config.internalAutoProxyCreator,transactionPointcut,org.springframework.aop.support.DefaultBeanFactoryPointcutAdvisor#0,org.springframework.context.annotation.ConfigurationClassPostProcessor.importAwareProcessor,actIdUserMapper,MUserMapper,sysPermissionMapper,sysRoleMapper,sysRolePermissionMapper,sysUserMapper,sysUserRoleMapper]; root of factory hierarchy
[INFO][2016-08-08 16:24:46,313][org.springframework.context.support.GenericApplicationContext]Closing org.springframework.context.support.GenericApplicationContext@95fedf6: startup date [Mon Aug 08 16:24:45 CST 2016]; root of context hierarchy
[INFO][2016-08-08 16:24:46,314][org.springframework.beans.factory.support.DefaultListableBeanFactory]Destroying singletons in org.springframework.beans.factory.support.DefaultListableBeanFactory@6b59dd0c: defining beans [org.springframework.beans.factory.config.PropertyPlaceholderConfigurer#0,muserService,sysUserService,org.springframework.context.annotation.internalConfigurationAnnotationProcessor,org.springframework.context.annotation.internalAutowiredAnnotationProcessor,org.springframework.context.annotation.internalRequiredAnnotationProcessor,org.springframework.context.annotation.internalCommonAnnotationProcessor,dataSource,sqlSessionFactory,org.mybatis.spring.mapper.MapperScannerConfigurer#0,transactionManager,transactionAdvice,org.springframework.aop.config.internalAutoProxyCreator,transactionPointcut,org.springframework.aop.support.DefaultBeanFactoryPointcutAdvisor#0,org.springframework.context.annotation.ConfigurationClassPostProcessor.importAwareProcessor,actIdUserMapper,MUserMapper,sysPermissionMapper,sysRoleMapper,sysRolePermissionMapper,sysUserMapper,sysUserRoleMapper]; root of factory hierarchy
[INFO][2016-08-08 16:26:03,265][org.springframework.beans.factory.xml.XmlBeanDefinitionReader]Loading XML bean definitions from class path resource [spring-context.xml]
[INFO][2016-08-08 16:26:03,572][org.springframework.beans.factory.xml.XmlBeanDefinitionReader]Loading XML bean definitions from class path resource [spring-context-mybatis.xml]
[INFO][2016-08-08 16:26:03,683][org.springframework.context.support.GenericApplicationContext]Refreshing org.springframework.context.support.GenericApplicationContext@78ffb648: startup date [Mon Aug 08 16:26:03 CST 2016]; root of context hierarchy
[INFO][2016-08-08 16:26:03,801][org.springframework.beans.factory.config.PropertyPlaceholderConfigurer]Loading properties file from class path resource [config.properties]
[INFO][2016-08-08 16:26:03,838][org.springframework.beans.factory.support.DefaultListableBeanFactory]Pre-instantiating singletons in org.springframework.beans.factory.support.DefaultListableBeanFactory@792343d4: defining beans [org.springframework.beans.factory.config.PropertyPlaceholderConfigurer#0,muserService,sysUserService,org.springframework.context.annotation.internalConfigurationAnnotationProcessor,org.springframework.context.annotation.internalAutowiredAnnotationProcessor,org.springframework.context.annotation.internalRequiredAnnotationProcessor,org.springframework.context.annotation.internalCommonAnnotationProcessor,dataSource,sqlSessionFactory,org.mybatis.spring.mapper.MapperScannerConfigurer#0,transactionManager,transactionAdvice,org.springframework.aop.config.internalAutoProxyCreator,transactionPointcut,org.springframework.aop.support.DefaultBeanFactoryPointcutAdvisor#0,org.springframework.context.annotation.ConfigurationClassPostProcessor.importAwareProcessor,actIdUserMapper,MUserMapper,sysPermissionMapper,sysRoleMapper,sysRolePermissionMapper,sysUserMapper,sysUserRoleMapper]; root of factory hierarchy
[INFO][2016-08-08 16:26:04,718][org.springframework.context.support.GenericApplicationContext]Closing org.springframework.context.support.GenericApplicationContext@78ffb648: startup date [Mon Aug 08 16:26:03 CST 2016]; root of context hierarchy
[INFO][2016-08-08 16:26:04,719][org.springframework.beans.factory.support.DefaultListableBeanFactory]Destroying singletons in org.springframework.beans.factory.support.DefaultListableBeanFactory@792343d4: defining beans [org.springframework.beans.factory.config.PropertyPlaceholderConfigurer#0,muserService,sysUserService,org.springframework.context.annotation.internalConfigurationAnnotationProcessor,org.springframework.context.annotation.internalAutowiredAnnotationProcessor,org.springframework.context.annotation.internalRequiredAnnotationProcessor,org.springframework.context.annotation.internalCommonAnnotationProcessor,dataSource,sqlSessionFactory,org.mybatis.spring.mapper.MapperScannerConfigurer#0,transactionManager,transactionAdvice,org.springframework.aop.config.internalAutoProxyCreator,transactionPointcut,org.springframework.aop.support.DefaultBeanFactoryPointcutAdvisor#0,org.springframework.context.annotation.ConfigurationClassPostProcessor.importAwareProcessor,actIdUserMapper,MUserMapper,sysPermissionMapper,sysRoleMapper,sysRolePermissionMapper,sysUserMapper,sysUserRoleMapper]; root of factory hierarchy
[INFO][2016-08-08 16:31:49,465][org.springframework.beans.factory.xml.XmlBeanDefinitionReader]Loading XML bean definitions from class path resource [spring-context.xml]
[INFO][2016-08-08 16:31:49,783][org.springframework.beans.factory.xml.XmlBeanDefinitionReader]Loading XML bean definitions from class path resource [spring-context-mybatis.xml]
[INFO][2016-08-08 16:31:49,884][org.springframework.context.support.GenericApplicationContext]Refreshing org.springframework.context.support.GenericApplicationContext@95fedf6: startup date [Mon Aug 08 16:31:49 CST 2016]; root of context hierarchy
[INFO][2016-08-08 16:31:50,004][org.springframework.beans.factory.config.PropertyPlaceholderConfigurer]Loading properties file from class path resource [config.properties]
[INFO][2016-08-08 16:31:50,042][org.springframework.beans.factory.support.DefaultListableBeanFactory]Pre-instantiating singletons in org.springframework.beans.factory.support.DefaultListableBeanFactory@7a3a516d: defining beans [org.springframework.beans.factory.config.PropertyPlaceholderConfigurer#0,muserService,sysUserService,org.springframework.context.annotation.internalConfigurationAnnotationProcessor,org.springframework.context.annotation.internalAutowiredAnnotationProcessor,org.springframework.context.annotation.internalRequiredAnnotationProcessor,org.springframework.context.annotation.internalCommonAnnotationProcessor,dataSource,sqlSessionFactory,org.mybatis.spring.mapper.MapperScannerConfigurer#0,transactionManager,transactionAdvice,org.springframework.aop.config.internalAutoProxyCreator,transactionPointcut,org.springframework.aop.support.DefaultBeanFactoryPointcutAdvisor#0,org.springframework.context.annotation.ConfigurationClassPostProcessor.importAwareProcessor,actIdUserMapper,MUserMapper,sysPermissionMapper,sysRoleMapper,sysRolePermissionMapper,sysUserMapper,sysUserRoleMapper]; root of factory hierarchy
[INFO][2016-08-08 16:31:50,919][org.springframework.context.support.GenericApplicationContext]Closing org.springframework.context.support.GenericApplicationContext@95fedf6: startup date [Mon Aug 08 16:31:49 CST 2016]; root of context hierarchy
[INFO][2016-08-08 16:31:50,920][org.springframework.beans.factory.support.DefaultListableBeanFactory]Destroying singletons in org.springframework.beans.factory.support.DefaultListableBeanFactory@7a3a516d: defining beans [org.springframework.beans.factory.config.PropertyPlaceholderConfigurer#0,muserService,sysUserService,org.springframework.context.annotation.internalConfigurationAnnotationProcessor,org.springframework.context.annotation.internalAutowiredAnnotationProcessor,org.springframework.context.annotation.internalRequiredAnnotationProcessor,org.springframework.context.annotation.internalCommonAnnotationProcessor,dataSource,sqlSessionFactory,org.mybatis.spring.mapper.MapperScannerConfigurer#0,transactionManager,transactionAdvice,org.springframework.aop.config.internalAutoProxyCreator,transactionPointcut,org.springframework.aop.support.DefaultBeanFactoryPointcutAdvisor#0,org.springframework.context.annotation.ConfigurationClassPostProcessor.importAwareProcessor,actIdUserMapper,MUserMapper,sysPermissionMapper,sysRoleMapper,sysRolePermissionMapper,sysUserMapper,sysUserRoleMapper]; root of factory hierarchy
[INFO][2016-08-08 16:33:27,672][org.springframework.beans.factory.xml.XmlBeanDefinitionReader]Loading XML bean definitions from class path resource [spring-context.xml]
[INFO][2016-08-08 16:33:27,981][org.springframework.beans.factory.xml.XmlBeanDefinitionReader]Loading XML bean definitions from class path resource [spring-context-mybatis.xml]
[INFO][2016-08-08 16:33:28,088][org.springframework.context.support.GenericApplicationContext]Refreshing org.springframework.context.support.GenericApplicationContext@6edaae1d: startup date [Mon Aug 08 16:33:28 CST 2016]; root of context hierarchy
[INFO][2016-08-08 16:33:28,210][org.springframework.beans.factory.config.PropertyPlaceholderConfigurer]Loading properties file from class path resource [config.properties]
[INFO][2016-08-08 16:33:28,249][org.springframework.beans.factory.support.DefaultListableBeanFactory]Pre-instantiating singletons in org.springframework.beans.factory.support.DefaultListableBeanFactory@5c1a5fa7: defining beans [org.springframework.beans.factory.config.PropertyPlaceholderConfigurer#0,muserService,sysUserService,org.springframework.context.annotation.internalConfigurationAnnotationProcessor,org.springframework.context.annotation.internalAutowiredAnnotationProcessor,org.springframework.context.annotation.internalRequiredAnnotationProcessor,org.springframework.context.annotation.internalCommonAnnotationProcessor,dataSource,sqlSessionFactory,org.mybatis.spring.mapper.MapperScannerConfigurer#0,transactionManager,transactionAdvice,org.springframework.aop.config.internalAutoProxyCreator,transactionPointcut,org.springframework.aop.support.DefaultBeanFactoryPointcutAdvisor#0,org.springframework.context.annotation.ConfigurationClassPostProcessor.importAwareProcessor,actIdUserMapper,MUserMapper,sysPermissionMapper,sysRoleMapper,sysRolePermissionMapper,sysUserMapper,sysUserRoleMapper]; root of factory hierarchy
[INFO][2016-08-08 16:33:29,131][org.springframework.context.support.GenericApplicationContext]Closing org.springframework.context.support.GenericApplicationContext@6edaae1d: startup date [Mon Aug 08 16:33:28 CST 2016]; root of context hierarchy
[INFO][2016-08-08 16:33:29,132][org.springframework.beans.factory.support.DefaultListableBeanFactory]Destroying singletons in org.springframework.beans.factory.support.DefaultListableBeanFactory@5c1a5fa7: defining beans [org.springframework.beans.factory.config.PropertyPlaceholderConfigurer#0,muserService,sysUserService,org.springframework.context.annotation.internalConfigurationAnnotationProcessor,org.springframework.context.annotation.internalAutowiredAnnotationProcessor,org.springframework.context.annotation.internalRequiredAnnotationProcessor,org.springframework.context.annotation.internalCommonAnnotationProcessor,dataSource,sqlSessionFactory,org.mybatis.spring.mapper.MapperScannerConfigurer#0,transactionManager,transactionAdvice,org.springframework.aop.config.internalAutoProxyCreator,transactionPointcut,org.springframework.aop.support.DefaultBeanFactoryPointcutAdvisor#0,org.springframework.context.annotation.ConfigurationClassPostProcessor.importAwareProcessor,actIdUserMapper,MUserMapper,sysPermissionMapper,sysRoleMapper,sysRolePermissionMapper,sysUserMapper,sysUserRoleMapper]; root of factory hierarchy
[INFO][2016-08-08 16:35:59,340][org.springframework.beans.factory.xml.XmlBeanDefinitionReader]Loading XML bean definitions from class path resource [spring-context.xml]
[INFO][2016-08-08 16:35:59,631][org.springframework.beans.factory.xml.XmlBeanDefinitionReader]Loading XML bean definitions from class path resource [spring-context-mybatis.xml]
[INFO][2016-08-08 16:35:59,737][org.springframework.context.support.GenericApplicationContext]Refreshing org.springframework.context.support.GenericApplicationContext@56dd2ac6: startup date [Mon Aug 08 16:35:59 CST 2016]; root of context hierarchy
[INFO][2016-08-08 16:35:59,856][org.springframework.beans.factory.config.PropertyPlaceholderConfigurer]Loading properties file from class path resource [config.properties]
[INFO][2016-08-08 16:35:59,894][org.springframework.beans.factory.support.DefaultListableBeanFactory]Pre-instantiating singletons in org.springframework.beans.factory.support.DefaultListableBeanFactory@23a40e: defining beans [org.springframework.beans.factory.config.PropertyPlaceholderConfigurer#0,muserService,sysUserService,org.springframework.context.annotation.internalConfigurationAnnotationProcessor,org.springframework.context.annotation.internalAutowiredAnnotationProcessor,org.springframework.context.annotation.internalRequiredAnnotationProcessor,org.springframework.context.annotation.internalCommonAnnotationProcessor,dataSource,sqlSessionFactory,org.mybatis.spring.mapper.MapperScannerConfigurer#0,transactionManager,transactionAdvice,org.springframework.aop.config.internalAutoProxyCreator,transactionPointcut,org.springframework.aop.support.DefaultBeanFactoryPointcutAdvisor#0,org.springframework.context.annotation.ConfigurationClassPostProcessor.importAwareProcessor,actIdUserMapper,MUserMapper,sysPermissionMapper,sysRoleMapper,sysRolePermissionMapper,sysUserMapper,sysUserRoleMapper]; root of factory hierarchy
[INFO][2016-08-08 16:36:00,808][org.springframework.beans.factory.xml.XmlBeanDefinitionReader]Loading XML bean definitions from class path resource [org/springframework/jdbc/support/sql-error-codes.xml]
[INFO][2016-08-08 16:36:00,852][org.springframework.jdbc.support.SQLErrorCodesFactory]SQLErrorCodes loaded: [DB2, Derby, H2, HSQL, Informix, MS-SQL, MySQL, Oracle, PostgreSQL, Sybase]
[INFO][2016-08-08 16:36:00,863][org.springframework.context.support.GenericApplicationContext]Closing org.springframework.context.support.GenericApplicationContext@56dd2ac6: startup date [Mon Aug 08 16:35:59 CST 2016]; root of context hierarchy
[INFO][2016-08-08 16:36:00,864][org.springframework.beans.factory.support.DefaultListableBeanFactory]Destroying singletons in org.springframework.beans.factory.support.DefaultListableBeanFactory@23a40e: defining beans [org.springframework.beans.factory.config.PropertyPlaceholderConfigurer#0,muserService,sysUserService,org.springframework.context.annotation.internalConfigurationAnnotationProcessor,org.springframework.context.annotation.internalAutowiredAnnotationProcessor,org.springframework.context.annotation.internalRequiredAnnotationProcessor,org.springframework.context.annotation.internalCommonAnnotationProcessor,dataSource,sqlSessionFactory,org.mybatis.spring.mapper.MapperScannerConfigurer#0,transactionManager,transactionAdvice,org.springframework.aop.config.internalAutoProxyCreator,transactionPointcut,org.springframework.aop.support.DefaultBeanFactoryPointcutAdvisor#0,org.springframework.context.annotation.ConfigurationClassPostProcessor.importAwareProcessor,actIdUserMapper,MUserMapper,sysPermissionMapper,sysRoleMapper,sysRolePermissionMapper,sysUserMapper,sysUserRoleMapper]; root of factory hierarchy
[INFO][2016-08-08 16:36:33,341][org.springframework.beans.factory.xml.XmlBeanDefinitionReader]Loading XML bean definitions from class path resource [spring-context.xml]
[INFO][2016-08-08 16:36:33,639][org.springframework.beans.factory.xml.XmlBeanDefinitionReader]Loading XML bean definitions from class path resource [spring-context-mybatis.xml]
[INFO][2016-08-08 16:36:33,746][org.springframework.context.support.GenericApplicationContext]Refreshing org.springframework.context.support.GenericApplicationContext@6edaae1d: startup date [Mon Aug 08 16:36:33 CST 2016]; root of context hierarchy
[INFO][2016-08-08 16:36:33,870][org.springframework.beans.factory.config.PropertyPlaceholderConfigurer]Loading properties file from class path resource [config.properties]
[INFO][2016-08-08 16:36:33,911][org.springframework.beans.factory.support.DefaultListableBeanFactory]Pre-instantiating singletons in org.springframework.beans.factory.support.DefaultListableBeanFactory@3fd95bb5: defining beans [org.springframework.beans.factory.config.PropertyPlaceholderConfigurer#0,muserService,sysUserService,org.springframework.context.annotation.internalConfigurationAnnotationProcessor,org.springframework.context.annotation.internalAutowiredAnnotationProcessor,org.springframework.context.annotation.internalRequiredAnnotationProcessor,org.springframework.context.annotation.internalCommonAnnotationProcessor,dataSource,sqlSessionFactory,org.mybatis.spring.mapper.MapperScannerConfigurer#0,transactionManager,transactionAdvice,org.springframework.aop.config.internalAutoProxyCreator,transactionPointcut,org.springframework.aop.support.DefaultBeanFactoryPointcutAdvisor#0,org.springframework.context.annotation.ConfigurationClassPostProcessor.importAwareProcessor,actIdUserMapper,MUserMapper,sysPermissionMapper,sysRoleMapper,sysRolePermissionMapper,sysUserMapper,sysUserRoleMapper]; root of factory hierarchy
[INFO][2016-08-08 16:36:34,899][TestMybatis]"add 1"
[INFO][2016-08-08 16:36:34,927][org.springframework.context.support.GenericApplicationContext]Closing org.springframework.context.support.GenericApplicationContext@6edaae1d: startup date [Mon Aug 08 16:36:33 CST 2016]; root of context hierarchy
[INFO][2016-08-08 16:36:34,927][org.springframework.beans.factory.support.DefaultListableBeanFactory]Destroying singletons in org.springframework.beans.factory.support.DefaultListableBeanFactory@3fd95bb5: defining beans [org.springframework.beans.factory.config.PropertyPlaceholderConfigurer#0,muserService,sysUserService,org.springframework.context.annotation.internalConfigurationAnnotationProcessor,org.springframework.context.annotation.internalAutowiredAnnotationProcessor,org.springframework.context.annotation.internalRequiredAnnotationProcessor,org.springframework.context.annotation.internalCommonAnnotationProcessor,dataSource,sqlSessionFactory,org.mybatis.spring.mapper.MapperScannerConfigurer#0,transactionManager,transactionAdvice,org.springframework.aop.config.internalAutoProxyCreator,transactionPointcut,org.springframework.aop.support.DefaultBeanFactoryPointcutAdvisor#0,org.springframework.context.annotation.ConfigurationClassPostProcessor.importAwareProcessor,actIdUserMapper,MUserMapper,sysPermissionMapper,sysRoleMapper,sysRolePermissionMapper,sysUserMapper,sysUserRoleMapper]; root of factory hierarchy
[INFO][2016-08-08 16:41:02,292][org.springframework.beans.factory.xml.XmlBeanDefinitionReader]Loading XML bean definitions from class path resource [spring-context.xml]
[INFO][2016-08-08 16:41:02,578][org.springframework.beans.factory.xml.XmlBeanDefinitionReader]Loading XML bean definitions from class path resource [spring-context-mybatis.xml]
[INFO][2016-08-08 16:41:02,683][org.springframework.context.support.GenericApplicationContext]Refreshing org.springframework.context.support.GenericApplicationContext@522359b7: startup date [Mon Aug 08 16:41:02 CST 2016]; root of context hierarchy
[INFO][2016-08-08 16:41:02,822][org.springframework.beans.factory.config.PropertyPlaceholderConfigurer]Loading properties file from class path resource [config.properties]
[INFO][2016-08-08 16:41:02,858][org.springframework.beans.factory.support.DefaultListableBeanFactory]Pre-instantiating singletons in org.springframework.beans.factory.support.DefaultListableBeanFactory@203754ad: defining beans [org.springframework.beans.factory.config.PropertyPlaceholderConfigurer#0,muserService,sysUserService,org.springframework.context.annotation.internalConfigurationAnnotationProcessor,org.springframework.context.annotation.internalAutowiredAnnotationProcessor,org.springframework.context.annotation.internalRequiredAnnotationProcessor,org.springframework.context.annotation.internalCommonAnnotationProcessor,dataSource,sqlSessionFactory,org.mybatis.spring.mapper.MapperScannerConfigurer#0,transactionManager,transactionAdvice,org.springframework.aop.config.internalAutoProxyCreator,transactionPointcut,org.springframework.aop.support.DefaultBeanFactoryPointcutAdvisor#0,org.springframework.context.annotation.ConfigurationClassPostProcessor.importAwareProcessor,actIdUserMapper,MUserMapper,sysPermissionMapper,sysRoleMapper,sysRolePermissionMapper,sysUserMapper,sysUserRoleMapper]; root of factory hierarchy
[INFO][2016-08-08 16:41:03,765][org.springframework.context.support.GenericApplicationContext]Closing org.springframework.context.support.GenericApplicationContext@522359b7: startup date [Mon Aug 08 16:41:02 CST 2016]; root of context hierarchy
[INFO][2016-08-08 16:41:03,767][org.springframework.beans.factory.support.DefaultListableBeanFactory]Destroying singletons in org.springframework.beans.factory.support.DefaultListableBeanFactory@203754ad: defining beans [org.springframework.beans.factory.config.PropertyPlaceholderConfigurer#0,muserService,sysUserService,org.springframework.context.annotation.internalConfigurationAnnotationProcessor,org.springframework.context.annotation.internalAutowiredAnnotationProcessor,org.springframework.context.annotation.internalRequiredAnnotationProcessor,org.springframework.context.annotation.internalCommonAnnotationProcessor,dataSource,sqlSessionFactory,org.mybatis.spring.mapper.MapperScannerConfigurer#0,transactionManager,transactionAdvice,org.springframework.aop.config.internalAutoProxyCreator,transactionPointcut,org.springframework.aop.support.DefaultBeanFactoryPointcutAdvisor#0,org.springframework.context.annotation.ConfigurationClassPostProcessor.importAwareProcessor,actIdUserMapper,MUserMapper,sysPermissionMapper,sysRoleMapper,sysRolePermissionMapper,sysUserMapper,sysUserRoleMapper]; root of factory hierarchy
[INFO][2016-08-08 16:47:14,729][org.springframework.beans.factory.xml.XmlBeanDefinitionReader]Loading XML bean definitions from class path resource [spring-context.xml]
[INFO][2016-08-08 16:47:15,018][org.springframework.beans.factory.xml.XmlBeanDefinitionReader]Loading XML bean definitions from class path resource [spring-context-mybatis.xml]
[INFO][2016-08-08 16:47:15,129][org.springframework.context.support.GenericApplicationContext]Refreshing org.springframework.context.support.GenericApplicationContext@522359b7: startup date [Mon Aug 08 16:47:15 CST 2016]; root of context hierarchy
[INFO][2016-08-08 16:47:15,251][org.springframework.beans.factory.config.PropertyPlaceholderConfigurer]Loading properties file from class path resource [config.properties]
[INFO][2016-08-08 16:47:15,287][org.springframework.beans.factory.support.DefaultListableBeanFactory]Pre-instantiating singletons in org.springframework.beans.factory.support.DefaultListableBeanFactory@10983a61: defining beans [org.springframework.beans.factory.config.PropertyPlaceholderConfigurer#0,muserService,sysUserService,org.springframework.context.annotation.internalConfigurationAnnotationProcessor,org.springframework.context.annotation.internalAutowiredAnnotationProcessor,org.springframework.context.annotation.internalRequiredAnnotationProcessor,org.springframework.context.annotation.internalCommonAnnotationProcessor,dataSource,sqlSessionFactory,org.mybatis.spring.mapper.MapperScannerConfigurer#0,transactionManager,transactionAdvice,org.springframework.aop.config.internalAutoProxyCreator,transactionPointcut,org.springframework.aop.support.DefaultBeanFactoryPointcutAdvisor#0,org.springframework.context.annotation.ConfigurationClassPostProcessor.importAwareProcessor,actIdUserMapper,MUserMapper,sysPermissionMapper,sysRoleMapper,sysRolePermissionMapper,sysUserMapper,sysUserRoleMapper]; root of factory hierarchy
[INFO][2016-08-08 16:47:16,142][org.springframework.context.support.GenericApplicationContext]Closing org.springframework.context.support.GenericApplicationContext@522359b7: startup date [Mon Aug 08 16:47:15 CST 2016]; root of context hierarchy
[INFO][2016-08-08 16:47:16,144][org.springframework.beans.factory.support.DefaultListableBeanFactory]Destroying singletons in org.springframework.beans.factory.support.DefaultListableBeanFactory@10983a61: defining beans [org.springframework.beans.factory.config.PropertyPlaceholderConfigurer#0,muserService,sysUserService,org.springframework.context.annotation.internalConfigurationAnnotationProcessor,org.springframework.context.annotation.internalAutowiredAnnotationProcessor,org.springframework.context.annotation.internalRequiredAnnotationProcessor,org.springframework.context.annotation.internalCommonAnnotationProcessor,dataSource,sqlSessionFactory,org.mybatis.spring.mapper.MapperScannerConfigurer#0,transactionManager,transactionAdvice,org.springframework.aop.config.internalAutoProxyCreator,transactionPointcut,org.springframework.aop.support.DefaultBeanFactoryPointcutAdvisor#0,org.springframework.context.annotation.ConfigurationClassPostProcessor.importAwareProcessor,actIdUserMapper,MUserMapper,sysPermissionMapper,sysRoleMapper,sysRolePermissionMapper,sysUserMapper,sysUserRoleMapper]; root of factory hierarchy
[INFO][2016-08-08 16:49:42,936][org.springframework.beans.factory.xml.XmlBeanDefinitionReader]Loading XML bean definitions from class path resource [spring-context.xml]
[INFO][2016-08-08 16:49:43,228][org.springframework.beans.factory.xml.XmlBeanDefinitionReader]Loading XML bean definitions from class path resource [spring-context-mybatis.xml]
[INFO][2016-08-08 16:49:43,359][org.springframework.context.support.GenericApplicationContext]Refreshing org.springframework.context.support.GenericApplicationContext@6edaae1d: startup date [Mon Aug 08 16:49:43 CST 2016]; root of context hierarchy
[INFO][2016-08-08 16:49:43,522][org.springframework.beans.factory.config.PropertyPlaceholderConfigurer]Loading properties file from class path resource [config.properties]
[INFO][2016-08-08 16:49:43,570][org.springframework.beans.factory.support.DefaultListableBeanFactory]Pre-instantiating singletons in org.springframework.beans.factory.support.DefaultListableBeanFactory@5713e8d2: defining beans [org.springframework.beans.factory.config.PropertyPlaceholderConfigurer#0,muserService,sysUserService,org.springframework.context.annotation.internalConfigurationAnnotationProcessor,org.springframework.context.annotation.internalAutowiredAnnotationProcessor,org.springframework.context.annotation.internalRequiredAnnotationProcessor,org.springframework.context.annotation.internalCommonAnnotationProcessor,dataSource,sqlSessionFactory,org.mybatis.spring.mapper.MapperScannerConfigurer#0,transactionManager,transactionAdvice,org.springframework.aop.config.internalAutoProxyCreator,transactionPointcut,org.springframework.aop.support.DefaultBeanFactoryPointcutAdvisor#0,org.springframework.context.annotation.ConfigurationClassPostProcessor.importAwareProcessor,actIdUserMapper,MUserMapper,sysPermissionMapper,sysRoleMapper,sysRolePermissionMapper,sysUserMapper,sysUserRoleMapper]; root of factory hierarchy
[INFO][2016-08-08 16:49:44,485][org.springframework.context.support.GenericApplicationContext]Closing org.springframework.context.support.GenericApplicationContext@6edaae1d: startup date [Mon Aug 08 16:49:43 CST 2016]; root of context hierarchy
[INFO][2016-08-08 16:49:44,485][org.springframework.beans.factory.support.DefaultListableBeanFactory]Destroying singletons in org.springframework.beans.factory.support.DefaultListableBeanFactory@5713e8d2: defining beans [org.springframework.beans.factory.config.PropertyPlaceholderConfigurer#0,muserService,sysUserService,org.springframework.context.annotation.internalConfigurationAnnotationProcessor,org.springframework.context.annotation.internalAutowiredAnnotationProcessor,org.springframework.context.annotation.internalRequiredAnnotationProcessor,org.springframework.context.annotation.internalCommonAnnotationProcessor,dataSource,sqlSessionFactory,org.mybatis.spring.mapper.MapperScannerConfigurer#0,transactionManager,transactionAdvice,org.springframework.aop.config.internalAutoProxyCreator,transactionPointcut,org.springframework.aop.support.DefaultBeanFactoryPointcutAdvisor#0,org.springframework.context.annotation.ConfigurationClassPostProcessor.importAwareProcessor,actIdUserMapper,MUserMapper,sysPermissionMapper,sysRoleMapper,sysRolePermissionMapper,sysUserMapper,sysUserRoleMapper]; root of factory hierarchy
[INFO][2016-08-08 17:01:55,440][org.springframework.beans.factory.xml.XmlBeanDefinitionReader]Loading XML bean definitions from class path resource [spring-context.xml]
[INFO][2016-08-08 17:01:55,760][org.springframework.beans.factory.xml.XmlBeanDefinitionReader]Loading XML bean definitions from class path resource [spring-context-mybatis.xml]
[INFO][2016-08-08 17:01:55,891][org.springframework.context.support.GenericApplicationContext]Refreshing org.springframework.context.support.GenericApplicationContext@6edaae1d: startup date [Mon Aug 08 17:01:55 CST 2016]; root of context hierarchy
[INFO][2016-08-08 17:01:56,027][org.springframework.beans.factory.config.PropertyPlaceholderConfigurer]Loading properties file from class path resource [config.properties]
[INFO][2016-08-08 17:01:56,073][org.springframework.beans.factory.support.DefaultListableBeanFactory]Pre-instantiating singletons in org.springframework.beans.factory.support.DefaultListableBeanFactory@5713e8d2: defining beans [org.springframework.beans.factory.config.PropertyPlaceholderConfigurer#0,muserService,sysUserService,org.springframework.context.annotation.internalConfigurationAnnotationProcessor,org.springframework.context.annotation.internalAutowiredAnnotationProcessor,org.springframework.context.annotation.internalRequiredAnnotationProcessor,org.springframework.context.annotation.internalCommonAnnotationProcessor,dataSource,sqlSessionFactory,org.mybatis.spring.mapper.MapperScannerConfigurer#0,transactionManager,transactionAdvice,org.springframework.aop.config.internalAutoProxyCreator,transactionPointcut,org.springframework.aop.support.DefaultBeanFactoryPointcutAdvisor#0,org.springframework.context.annotation.ConfigurationClassPostProcessor.importAwareProcessor,actIdUserMapper,MUserMapper,sysPermissionMapper,sysRoleMapper,sysRolePermissionMapper,sysUserMapper,sysUserRoleMapper]; root of factory hierarchy
[INFO][2016-08-08 17:01:57,002][org.springframework.context.support.GenericApplicationContext]Closing org.springframework.context.support.GenericApplicationContext@6edaae1d: startup date [Mon Aug 08 17:01:55 CST 2016]; root of context hierarchy
[INFO][2016-08-08 17:01:57,003][org.springframework.beans.factory.support.DefaultListableBeanFactory]Destroying singletons in org.springframework.beans.factory.support.DefaultListableBeanFactory@5713e8d2: defining beans [org.springframework.beans.factory.config.PropertyPlaceholderConfigurer#0,muserService,sysUserService,org.springframework.context.annotation.internalConfigurationAnnotationProcessor,org.springframework.context.annotation.internalAutowiredAnnotationProcessor,org.springframework.context.annotation.internalRequiredAnnotationProcessor,org.springframework.context.annotation.internalCommonAnnotationProcessor,dataSource,sqlSessionFactory,org.mybatis.spring.mapper.MapperScannerConfigurer#0,transactionManager,transactionAdvice,org.springframework.aop.config.internalAutoProxyCreator,transactionPointcut,org.springframework.aop.support.DefaultBeanFactoryPointcutAdvisor#0,org.springframework.context.annotation.ConfigurationClassPostProcessor.importAwareProcessor,actIdUserMapper,MUserMapper,sysPermissionMapper,sysRoleMapper,sysRolePermissionMapper,sysUserMapper,sysUserRoleMapper]; root of factory hierarchy
[INFO][2016-08-08 17:02:54,665][org.springframework.beans.factory.xml.XmlBeanDefinitionReader]Loading XML bean definitions from class path resource [spring-context.xml]
[INFO][2016-08-08 17:02:54,951][org.springframework.beans.factory.xml.XmlBeanDefinitionReader]Loading XML bean definitions from class path resource [spring-context-mybatis.xml]
[INFO][2016-08-08 17:02:55,061][org.springframework.context.support.GenericApplicationContext]Refreshing org.springframework.context.support.GenericApplicationContext@5c11a0fb: startup date [Mon Aug 08 17:02:55 CST 2016]; root of context hierarchy
[INFO][2016-08-08 17:02:55,177][org.springframework.beans.factory.config.PropertyPlaceholderConfigurer]Loading properties file from class path resource [config.properties]
[INFO][2016-08-08 17:02:55,214][org.springframework.beans.factory.support.DefaultListableBeanFactory]Pre-instantiating singletons in org.springframework.beans.factory.support.DefaultListableBeanFactory@55e7e4bb: defining beans [org.springframework.beans.factory.config.PropertyPlaceholderConfigurer#0,muserService,sysUserService,org.springframework.context.annotation.internalConfigurationAnnotationProcessor,org.springframework.context.annotation.internalAutowiredAnnotationProcessor,org.springframework.context.annotation.internalRequiredAnnotationProcessor,org.springframework.context.annotation.internalCommonAnnotationProcessor,dataSource,sqlSessionFactory,org.mybatis.spring.mapper.MapperScannerConfigurer#0,transactionManager,transactionAdvice,org.springframework.aop.config.internalAutoProxyCreator,transactionPointcut,org.springframework.aop.support.DefaultBeanFactoryPointcutAdvisor#0,org.springframework.context.annotation.ConfigurationClassPostProcessor.importAwareProcessor,actIdUserMapper,MUserMapper,sysPermissionMapper,sysRoleMapper,sysRolePermissionMapper,sysUserMapper,sysUserRoleMapper]; root of factory hierarchy
[INFO][2016-08-08 17:02:56,196][org.springframework.context.support.GenericApplicationContext]Closing org.springframework.context.support.GenericApplicationContext@5c11a0fb: startup date [Mon Aug 08 17:02:55 CST 2016]; root of context hierarchy
[INFO][2016-08-08 17:02:56,197][org.springframework.beans.factory.support.DefaultListableBeanFactory]Destroying singletons in org.springframework.beans.factory.support.DefaultListableBeanFactory@55e7e4bb: defining beans [org.springframework.beans.factory.config.PropertyPlaceholderConfigurer#0,muserService,sysUserService,org.springframework.context.annotation.internalConfigurationAnnotationProcessor,org.springframework.context.annotation.internalAutowiredAnnotationProcessor,org.springframework.context.annotation.internalRequiredAnnotationProcessor,org.springframework.context.annotation.internalCommonAnnotationProcessor,dataSource,sqlSessionFactory,org.mybatis.spring.mapper.MapperScannerConfigurer#0,transactionManager,transactionAdvice,org.springframework.aop.config.internalAutoProxyCreator,transactionPointcut,org.springframework.aop.support.DefaultBeanFactoryPointcutAdvisor#0,org.springframework.context.annotation.ConfigurationClassPostProcessor.importAwareProcessor,actIdUserMapper,MUserMapper,sysPermissionMapper,sysRoleMapper,sysRolePermissionMapper,sysUserMapper,sysUserRoleMapper]; root of factory hierarchy
[INFO][2016-08-08 17:05:51,695][org.springframework.beans.factory.xml.XmlBeanDefinitionReader]Loading XML bean definitions from class path resource [spring-context.xml]
[INFO][2016-08-08 17:05:51,979][org.springframework.beans.factory.xml.XmlBeanDefinitionReader]Loading XML bean definitions from class path resource [spring-context-mybatis.xml]
[INFO][2016-08-08 17:05:52,080][org.springframework.context.support.GenericApplicationContext]Refreshing org.springframework.context.support.GenericApplicationContext@5c186f07: startup date [Mon Aug 08 17:05:52 CST 2016]; root of context hierarchy
[INFO][2016-08-08 17:05:52,202][org.springframework.beans.factory.config.PropertyPlaceholderConfigurer]Loading properties file from class path resource [config.properties]
[INFO][2016-08-08 17:05:52,239][org.springframework.beans.factory.support.DefaultListableBeanFactory]Pre-instantiating singletons in org.springframework.beans.factory.support.DefaultListableBeanFactory@5d36368: defining beans [org.springframework.beans.factory.config.PropertyPlaceholderConfigurer#0,muserService,sysUserService,org.springframework.context.annotation.internalConfigurationAnnotationProcessor,org.springframework.context.annotation.internalAutowiredAnnotationProcessor,org.springframework.context.annotation.internalRequiredAnnotationProcessor,org.springframework.context.annotation.internalCommonAnnotationProcessor,dataSource,sqlSessionFactory,org.mybatis.spring.mapper.MapperScannerConfigurer#0,transactionManager,transactionAdvice,org.springframework.aop.config.internalAutoProxyCreator,transactionPointcut,org.springframework.aop.support.DefaultBeanFactoryPointcutAdvisor#0,org.springframework.context.annotation.ConfigurationClassPostProcessor.importAwareProcessor,actIdUserMapper,MUserMapper,sysPermissionMapper,sysRoleMapper,sysRolePermissionMapper,sysUserMapper,sysUserRoleMapper]; root of factory hierarchy
[INFO][2016-08-08 17:05:53,196][org.springframework.context.support.GenericApplicationContext]Closing org.springframework.context.support.GenericApplicationContext@5c186f07: startup date [Mon Aug 08 17:05:52 CST 2016]; root of context hierarchy
[INFO][2016-08-08 17:05:53,199][org.springframework.beans.factory.support.DefaultListableBeanFactory]Destroying singletons in org.springframework.beans.factory.support.DefaultListableBeanFactory@5d36368: defining beans [org.springframework.beans.factory.config.PropertyPlaceholderConfigurer#0,muserService,sysUserService,org.springframework.context.annotation.internalConfigurationAnnotationProcessor,org.springframework.context.annotation.internalAutowiredAnnotationProcessor,org.springframework.context.annotation.internalRequiredAnnotationProcessor,org.springframework.context.annotation.internalCommonAnnotationProcessor,dataSource,sqlSessionFactory,org.mybatis.spring.mapper.MapperScannerConfigurer#0,transactionManager,transactionAdvice,org.springframework.aop.config.internalAutoProxyCreator,transactionPointcut,org.springframework.aop.support.DefaultBeanFactoryPointcutAdvisor#0,org.springframework.context.annotation.ConfigurationClassPostProcessor.importAwareProcessor,actIdUserMapper,MUserMapper,sysPermissionMapper,sysRoleMapper,sysRolePermissionMapper,sysUserMapper,sysUserRoleMapper]; root of factory hierarchy
[INFO][2016-08-08 17:07:58,568][org.springframework.beans.factory.xml.XmlBeanDefinitionReader]Loading XML bean definitions from class path resource [spring-context.xml]
[INFO][2016-08-08 17:07:58,841][org.springframework.beans.factory.xml.XmlBeanDefinitionReader]Loading XML bean definitions from class path resource [spring-context-mybatis.xml]
[INFO][2016-08-08 17:07:58,956][org.springframework.context.support.GenericApplicationContext]Refreshing org.springframework.context.support.GenericApplicationContext@5c11a0fb: startup date [Mon Aug 08 17:07:58 CST 2016]; root of context hierarchy
[INFO][2016-08-08 17:07:59,072][org.springframework.beans.factory.config.PropertyPlaceholderConfigurer]Loading properties file from class path resource [config.properties]
[INFO][2016-08-08 17:07:59,109][org.springframework.beans.factory.support.DefaultListableBeanFactory]Pre-instantiating singletons in org.springframework.beans.factory.support.DefaultListableBeanFactory@7a3a516d: defining beans [org.springframework.beans.factory.config.PropertyPlaceholderConfigurer#0,muserService,sysUserService,org.springframework.context.annotation.internalConfigurationAnnotationProcessor,org.springframework.context.annotation.internalAutowiredAnnotationProcessor,org.springframework.context.annotation.internalRequiredAnnotationProcessor,org.springframework.context.annotation.internalCommonAnnotationProcessor,dataSource,sqlSessionFactory,org.mybatis.spring.mapper.MapperScannerConfigurer#0,transactionManager,transactionAdvice,org.springframework.aop.config.internalAutoProxyCreator,transactionPointcut,org.springframework.aop.support.DefaultBeanFactoryPointcutAdvisor#0,org.springframework.context.annotation.ConfigurationClassPostProcessor.importAwareProcessor,actIdUserMapper,MUserMapper,sysPermissionMapper,sysRoleMapper,sysRolePermissionMapper,sysUserMapper,sysUserRoleMapper]; root of factory hierarchy
[INFO][2016-08-08 17:08:00,066][org.springframework.context.support.GenericApplicationContext]Closing org.springframework.context.support.GenericApplicationContext@5c11a0fb: startup date [Mon Aug 08 17:07:58 CST 2016]; root of context hierarchy
[INFO][2016-08-08 17:08:00,067][org.springframework.beans.factory.support.DefaultListableBeanFactory]Destroying singletons in org.springframework.beans.factory.support.DefaultListableBeanFactory@7a3a516d: defining beans [org.springframework.beans.factory.config.PropertyPlaceholderConfigurer#0,muserService,sysUserService,org.springframework.context.annotation.internalConfigurationAnnotationProcessor,org.springframework.context.annotation.internalAutowiredAnnotationProcessor,org.springframework.context.annotation.internalRequiredAnnotationProcessor,org.springframework.context.annotation.internalCommonAnnotationProcessor,dataSource,sqlSessionFactory,org.mybatis.spring.mapper.MapperScannerConfigurer#0,transactionManager,transactionAdvice,org.springframework.aop.config.internalAutoProxyCreator,transactionPointcut,org.springframework.aop.support.DefaultBeanFactoryPointcutAdvisor#0,org.springframework.context.annotation.ConfigurationClassPostProcessor.importAwareProcessor,actIdUserMapper,MUserMapper,sysPermissionMapper,sysRoleMapper,sysRolePermissionMapper,sysUserMapper,sysUserRoleMapper]; root of factory hierarchy
[INFO][2016-08-08 17:39:49,477][org.springframework.beans.factory.xml.XmlBeanDefinitionReader]Loading XML bean definitions from class path resource [spring-context.xml]
[INFO][2016-08-08 17:39:49,765][org.springframework.beans.factory.xml.XmlBeanDefinitionReader]Loading XML bean definitions from class path resource [spring-context-mybatis.xml]
[INFO][2016-08-08 17:39:49,906][org.springframework.context.support.GenericApplicationContext]Refreshing org.springframework.context.support.GenericApplicationContext@95fedf6: startup date [Mon Aug 08 17:39:49 CST 2016]; root of context hierarchy
[INFO][2016-08-08 17:39:50,028][org.springframework.beans.factory.config.PropertyPlaceholderConfigurer]Loading properties file from class path resource [config.properties]
[INFO][2016-08-08 17:39:50,066][org.springframework.beans.factory.support.DefaultListableBeanFactory]Pre-instantiating singletons in org.springframework.beans.factory.support.DefaultListableBeanFactory@6b59dd0c: defining beans [org.springframework.beans.factory.config.PropertyPlaceholderConfigurer#0,muserService,sysUserService,org.springframework.context.annotation.internalConfigurationAnnotationProcessor,org.springframework.context.annotation.internalAutowiredAnnotationProcessor,org.springframework.context.annotation.internalRequiredAnnotationProcessor,org.springframework.context.annotation.internalCommonAnnotationProcessor,dataSource,sqlSessionFactory,org.mybatis.spring.mapper.MapperScannerConfigurer#0,transactionManager,transactionAdvice,org.springframework.aop.config.internalAutoProxyCreator,transactionPointcut,org.springframework.aop.support.DefaultBeanFactoryPointcutAdvisor#0,org.springframework.context.annotation.ConfigurationClassPostProcessor.importAwareProcessor,actIdUserMapper,MUserMapper,sysPermissionMapper,sysRoleMapper,sysRolePermissionMapper,sysUserMapper,sysUserRoleMapper]; root of factory hierarchy
[INFO][2016-08-08 17:39:50,996][org.springframework.context.support.GenericApplicationContext]Closing org.springframework.context.support.GenericApplicationContext@95fedf6: startup date [Mon Aug 08 17:39:49 CST 2016]; root of context hierarchy
[INFO][2016-08-08 17:39:50,997][org.springframework.beans.factory.support.DefaultListableBeanFactory]Destroying singletons in org.springframework.beans.factory.support.DefaultListableBeanFactory@6b59dd0c: defining beans [org.springframework.beans.factory.config.PropertyPlaceholderConfigurer#0,muserService,sysUserService,org.springframework.context.annotation.internalConfigurationAnnotationProcessor,org.springframework.context.annotation.internalAutowiredAnnotationProcessor,org.springframework.context.annotation.internalRequiredAnnotationProcessor,org.springframework.context.annotation.internalCommonAnnotationProcessor,dataSource,sqlSessionFactory,org.mybatis.spring.mapper.MapperScannerConfigurer#0,transactionManager,transactionAdvice,org.springframework.aop.config.internalAutoProxyCreator,transactionPointcut,org.springframework.aop.support.DefaultBeanFactoryPointcutAdvisor#0,org.springframework.context.annotation.ConfigurationClassPostProcessor.importAwareProcessor,actIdUserMapper,MUserMapper,sysPermissionMapper,sysRoleMapper,sysRolePermissionMapper,sysUserMapper,sysUserRoleMapper]; root of factory hierarchy
